<?xml version="1.0" encoding="UTF-8"?>
<!-- Generated by org.testng.reporters.JUnitReportReporter -->
<testsuite skipped="0" hostname="Aman" name="com.qa.whitebox.tests.LoginTest" tests="2" failures="0" timestamp="05 Feb 2020 18:52:28 GMT" time="18.006" errors="0">
  <testcase name="loginCorrectCredentialsTest" time="7.940" classname="com.qa.whitebox.tests.LoginTest"/>
  <testcase name="navigateToHomePage" time="10.066" classname="com.qa.whitebox.tests.LoginTest"/>
</testsuite> <!-- com.qa.whitebox.tests.LoginTest -->
