<?xml version="1.0" encoding="UTF-8"?>
<!-- Generated by org.testng.reporters.JUnitReportReporter -->
<testsuite skipped="0" hostname="Aman" name="com.qa.whitebox.tests.SchduleTestPage" tests="1" failures="0" timestamp="05 Feb 2020 18:52:28 GMT" time="10.847" errors="0">
  <testcase name="verifynavigateToFeaturePageLink" time="10.847" classname="com.qa.whitebox.tests.SchduleTestPage"/>
</testsuite> <!-- com.qa.whitebox.tests.SchduleTestPage -->
