<?xml version="1.0" encoding="UTF-8"?>
<!-- Generated by org.testng.reporters.JUnitReportReporter -->
<testsuite skipped="0" hostname="Aman" name="com.qa.whitebox.tests.LoginTest" tests="2" failures="0" timestamp="03 Feb 2020 02:23:30 GMT" time="20.069" errors="0">
  <testcase name="loginCorrectCredentialsTest" time="8.953" classname="com.qa.whitebox.tests.LoginTest"/>
  <testcase name="navigateToHomePage" time="11.116" classname="com.qa.whitebox.tests.LoginTest"/>
</testsuite> <!-- com.qa.whitebox.tests.LoginTest -->
