<?xml version="1.0" encoding="UTF-8"?>
<!-- Generated by org.testng.reporters.JUnitReportReporter -->
<testsuite skipped="0" hostname="Aman" name="com.qa.whitebox.tests.HomePageTest" tests="2" failures="0" timestamp="03 Feb 2020 03:30:23 GMT" time="19.035" errors="0">
  <testcase name="navigateHomePageLink" time="10.290" classname="com.qa.whitebox.tests.HomePageTest"/>
  <testcase name="verifyHomePageTitle" time="8.745" classname="com.qa.whitebox.tests.HomePageTest"/>
</testsuite> <!-- com.qa.whitebox.tests.HomePageTest -->
