<?xml version="1.0" encoding="UTF-8"?>
<!-- Generated by org.testng.reporters.JUnitReportReporter -->
<testsuite skipped="0" hostname="Aman" name="com.qa.whitebox.tests.HomePageTest" tests="2" failures="0" timestamp="05 Feb 2020 18:52:28 GMT" time="20.034" errors="0">
  <testcase name="navigateHomePageLink" time="10.853" classname="com.qa.whitebox.tests.HomePageTest"/>
  <testcase name="verifyHomePageTitle" time="9.181" classname="com.qa.whitebox.tests.HomePageTest"/>
</testsuite> <!-- com.qa.whitebox.tests.HomePageTest -->
