<?xml version="1.0" encoding="UTF-8"?>
<!-- Generated by org.testng.reporters.JUnitReportReporter -->
<testsuite skipped="0" hostname="Aman" name="com.qa.whitebox.tests.SchduleTestPage" tests="1" failures="0" timestamp="03 Feb 2020 04:33:59 GMT" time="10.053" errors="0">
  <testcase name="verifynavigateToFeaturePageLink" time="10.053" classname="com.qa.whitebox.tests.SchduleTestPage"/>
</testsuite> <!-- com.qa.whitebox.tests.SchduleTestPage -->
